\BOOKMARK [1][-]{section.1}{\376\377\000I\000n\000t\000r\000o\000d\000u\000c\000t\000i\000o\000n}{}% 1
\BOOKMARK [2][-]{subsection.1.1}{\376\377\000C\000u\000r\000a\000t\000e\000d\000\040\000r\000e\000f\000e\000r\000e\000n\000c\000e\000\040\000l\000i\000s\000t}{section.1}% 2
\BOOKMARK [0][-]{part.1}{\376\377\000I\000\040\000T\000h\000e\000o\000r\000y}{}% 3
\BOOKMARK [1][-]{section.2}{\376\377\000N\000o\000t\000a\000t\000i\000o\000n\000\040\000a\000n\000d\000\040\000n\000o\000m\000e\000c\000l\000a\000t\000u\000r\000e\000s}{part.1}% 4
\BOOKMARK [2][-]{subsection.2.1}{\376\377\000J\000a\000c\000o\000b\000i\000a\000n\000\040\000f\000o\000r\000m\000u\000l\000a\000t\000i\000o\000n\000\040\000\050\000n\000u\000m\000e\000r\000a\000t\000o\000r\000\040\000l\000a\000y\000o\000u\000t\000\051}{section.2}% 5
\BOOKMARK [3][-]{subsubsection.2.1.1}{\376\377\000V\000e\000c\000t\000o\000r\000-\000v\000e\000c\000t\000o\000r\000,\000\040\000s\000c\000a\000l\000a\000r\000-\000v\000e\000c\000t\000o\000r\000,\000\040\000a\000n\000d\000\040\000v\000e\000c\000t\000o\000r\000-\000s\000c\000a\000l\000a\000r\000\040\000d\000e\000r\000i\000v\000a\000t\000i\000v\000e\000s}{subsection.2.1}% 6
\BOOKMARK [3][-]{subsubsection.2.1.2}{\376\377\000M\000a\000t\000r\000i\000x\000-\000s\000c\000a\000l\000a\000r\000\040\000d\000e\000r\000i\000v\000a\000t\000i\000v\000e\000\040\000\050\000t\000a\000n\000g\000e\000n\000t\000\040\000m\000a\000t\000r\000i\000x\000\051}{subsection.2.1}% 7
\BOOKMARK [3][-]{subsubsection.2.1.3}{\376\377\000S\000c\000a\000l\000a\000r\000-\000m\000a\000t\000r\000i\000x\000\040\000d\000e\000r\000i\000v\000a\000t\000i\000v\000e\000\040\000\050\000g\000r\000a\000d\000i\000e\000n\000t\000\040\000m\000a\000t\000r\000i\000x\000\051}{subsection.2.1}% 8
\BOOKMARK [3][-]{subsubsection.2.1.4}{\376\377\000R\000o\000w\000\040\000v\000e\000c\000t\000o\000r\000-\000s\000c\000a\000l\000a\000r\000\040\000a\000n\000d\000\040\000s\000c\000a\000l\000a\000r\000-\000r\000o\000w\000\040\000v\000e\000c\000t\000o\000r\000\040\000d\000e\000r\000i\000v\000a\000t\000i\000v\000e\000s}{subsection.2.1}% 9
\BOOKMARK [3][-]{subsubsection.2.1.5}{\376\377\000J\000a\000c\000o\000b\000i\000a\000n\000\040\000m\000a\000t\000r\000i\000x\000\040\000f\000o\000r\000\040\000t\000h\000e\000\040\000n\000u\000m\000e\000r\000a\000t\000o\000r\000\040\000l\000a\000y\000o\000u\000t}{subsection.2.1}% 10
\BOOKMARK [3][-]{subsubsection.2.1.6}{\376\377\000H\000e\000s\000s\000i\000a\000n\000\040\000m\000a\000t\000r\000i\000x\000\040\000f\000o\000r\000\040\000t\000h\000e\000\040\000n\000u\000m\000e\000r\000a\000t\000o\000r\000\040\000l\000a\000y\000o\000u\000t}{subsection.2.1}% 11
\BOOKMARK [2][-]{subsection.2.2}{\376\377\000H\000e\000s\000s\000i\000a\000n\000\040\000f\000o\000r\000m\000u\000l\000a\000t\000i\000o\000n\000\040\000\050\000d\000e\000n\000o\000m\000i\000n\000a\000t\000o\000r\000\040\000l\000a\000y\000o\000u\000t\000\051}{section.2}% 12
\BOOKMARK [3][-]{subsubsection.2.2.1}{\376\377\000V\000e\000c\000t\000o\000r\000-\000v\000e\000c\000t\000o\000r\000,\000\040\000s\000c\000a\000l\000a\000r\000-\000v\000e\000c\000t\000o\000r\000,\000\040\000a\000n\000d\000\040\000v\000e\000c\000t\000o\000r\000-\000s\000c\000a\000l\000a\000r\000\040\000d\000e\000r\000i\000v\000a\000t\000i\000v\000e\000s}{subsection.2.2}% 13
\BOOKMARK [3][-]{subsubsection.2.2.2}{\376\377\000M\000a\000t\000r\000i\000x\000-\000s\000c\000a\000l\000a\000r\000\040\000d\000e\000r\000i\000v\000a\000t\000i\000v\000e\000\040\000\050\000t\000a\000n\000g\000e\000n\000t\000\040\000m\000a\000t\000r\000i\000x\000\051}{subsection.2.2}% 14
\BOOKMARK [3][-]{subsubsection.2.2.3}{\376\377\000S\000c\000a\000l\000a\000r\000-\000m\000a\000t\000r\000i\000x\000\040\000d\000e\000r\000i\000v\000a\000t\000i\000v\000e\000\040\000\050\000g\000r\000a\000d\000i\000e\000n\000t\000\040\000m\000a\000t\000r\000i\000x\000\051}{subsection.2.2}% 15
\BOOKMARK [3][-]{subsubsection.2.2.4}{\376\377\000R\000o\000w\000\040\000v\000e\000c\000t\000o\000r\000-\000s\000c\000a\000l\000a\000r\000\040\000a\000n\000d\000\040\000s\000c\000a\000l\000a\000r\000-\000r\000o\000w\000\040\000v\000e\000c\000t\000o\000r\000\040\000d\000e\000r\000i\000v\000a\000t\000i\000v\000e\000s}{subsection.2.2}% 16
\BOOKMARK [3][-]{subsubsection.2.2.5}{\376\377\000T\000h\000e\000\040\000J\000a\000c\000o\000b\000i\000a\000n\000\040\000m\000a\000t\000r\000i\000x\000\040\000f\000o\000r\000\040\000t\000h\000e\000\040\000d\000e\000n\000o\000m\000i\000n\000a\000t\000o\000r\000\040\000l\000a\000y\000o\000u\000t}{subsection.2.2}% 17
\BOOKMARK [3][-]{subsubsection.2.2.6}{\376\377\000T\000h\000e\000\040\000H\000e\000s\000s\000i\000a\000n\000\040\000m\000a\000t\000r\000i\000x\000\040\000f\000o\000r\000\040\000t\000h\000e\000\040\000d\000e\000n\000o\000m\000i\000n\000a\000t\000o\000r\000\040\000l\000a\000y\000o\000u\000t}{subsection.2.2}% 18
\BOOKMARK [2][-]{subsection.2.3}{\376\377\000C\000o\000m\000p\000a\000r\000a\000t\000i\000v\000e\000\040\000b\000e\000t\000w\000e\000e\000n\000\040\000J\000a\000c\000o\000b\000i\000a\000n\000\040\000a\000n\000d\000\040\000H\000e\000s\000s\000i\000a\000n\000\040\000f\000o\000r\000m\000u\000l\000a\000t\000i\000o\000n\000s}{section.2}% 19
\BOOKMARK [2][-]{subsection.2.4}{\376\377\000N\000o\000t\000a\000t\000i\000o\000n\000s\000\040\000n\000o\000t\000\040\000w\000i\000d\000e\000l\000y\000\040\000a\000g\000r\000e\000e\000d\000\040\000u\000p\000o\000n}{section.2}% 20
\BOOKMARK [2][-]{subsection.2.5}{\376\377\000O\000n\000\040\000t\000h\000e\000\040\000a\000m\000b\000i\000g\000u\000i\000t\000y\000\040\000o\000v\000e\000r\000\040\000t\000h\000e\000\040\000n\000o\000t\000a\000t\000i\000o\000n\000\040\0002}{section.2}% 21
\BOOKMARK [1][-]{section.3}{\376\377\000I\000d\000e\000n\000t\000i\000t\000i\000e\000s}{part.1}% 22
\BOOKMARK [2][-]{subsection.3.1}{\376\377\000C\000h\000a\000i\000n\000\040\000r\000u\000l\000e}{section.3}% 23
\BOOKMARK [3][-]{subsubsection.3.1.1}{\376\377\000U\000n\000i\000v\000a\000r\000i\000a\000t\000e\000\040\000f\000u\000n\000c\000t\000i\000o\000n\000s}{subsection.3.1}% 24
\BOOKMARK [3][-]{subsubsection.3.1.2}{\376\377\000M\000u\000l\000t\000i\000v\000a\000r\000i\000a\000t\000e\000\040\000f\000u\000n\000c\000t\000i\000o\000n\000s}{subsection.3.1}% 25
\BOOKMARK [2][-]{subsection.3.2}{\376\377\000S\000u\000m\000\040\000\050\000o\000r\000\040\000m\000i\000n\000u\000s\000\051\000\040\000r\000u\000l\000e}{section.3}% 26
\BOOKMARK [3][-]{subsubsection.3.2.1}{\376\377\000V\000e\000c\000t\000o\000r\000-\000v\000e\000c\000t\000o\000r\000\040\000d\000e\000r\000i\000v\000a\000t\000i\000v\000e}{subsection.3.2}% 27
\BOOKMARK [3][-]{subsubsection.3.2.2}{\376\377\000M\000a\000t\000r\000i\000x\000-\000s\000c\000a\000l\000a\000r\000\040\000d\000e\000r\000i\000v\000a\000t\000i\000v\000e}{subsection.3.2}% 28
\BOOKMARK [3][-]{subsubsection.3.2.3}{\376\377\000S\000c\000a\000l\000a\000r\000-\000m\000a\000t\000r\000i\000x\000\040\000d\000e\000r\000i\000v\000a\000t\000i\000v\000e}{subsection.3.2}% 29
\BOOKMARK [2][-]{subsection.3.3}{\376\377\000P\000r\000o\000d\000u\000c\000t\000\040\000r\000u\000l\000e}{section.3}% 30
\BOOKMARK [3][-]{subsubsection.3.3.1}{\376\377\000V\000e\000c\000t\000o\000r\000-\000v\000e\000c\000t\000o\000r\000\040\000d\000e\000r\000i\000v\000a\000t\000i\000v\000e}{subsection.3.3}% 31
\BOOKMARK [3][-]{subsubsection.3.3.2}{\376\377\000S\000c\000a\000l\000a\000r\000-\000v\000e\000c\000t\000o\000r\000\040\000d\000e\000r\000i\000v\000a\000t\000i\000v\000e}{subsection.3.3}% 32
\BOOKMARK [3][-]{subsubsection.3.3.3}{\376\377\000S\000c\000a\000l\000a\000r\000-\000m\000a\000t\000r\000i\000x\000\040\000d\000e\000r\000i\000v\000a\000t\000i\000v\000e}{subsection.3.3}% 33
\BOOKMARK [3][-]{subsubsection.3.3.4}{\376\377\000M\000a\000t\000r\000i\000x\000-\000s\000c\000a\000l\000a\000r\000\040\000d\000e\000r\000i\000v\000a\000t\000i\000v\000e}{subsection.3.3}% 34
\BOOKMARK [1][-]{section.4}{\376\377\000U\000n\000c\000o\000n\000s\000t\000r\000a\000i\000n\000e\000d\000\040\000o\000p\000t\000i\000m\000i\000z\000a\000t\000i\000o\000n\000\040\000a\000l\000g\000o\000r\000i\000t\000h\000m\000s}{part.1}% 35
\BOOKMARK [2][-]{subsection.4.1}{\376\377\000T\000a\000y\000l\000o\000r\000\040\000S\000e\000r\000i\000e\000s}{section.4}% 36
\BOOKMARK [2][-]{subsection.4.2}{\376\377\000T\000h\000e\000\040\000S\000t\000e\000e\000p\000e\000s\000t\000\040\000D\000e\000s\000c\000e\000n\000t\000\040\000a\000l\000g\000o\000r\000i\000t\000h\000m}{section.4}% 37
\BOOKMARK [2][-]{subsection.4.3}{\376\377\000N\000e\000w\000t\000o\000n\000'\000s\000\040\000M\000e\000t\000h\000o\000d}{section.4}% 38
\BOOKMARK [2][-]{subsection.4.4}{\376\377\000T\000h\000e\000\040\000G\000a\000u\000s\000s\000-\000N\000e\000w\000t\000o\000n\000\040\000M\000e\000t\000h\000o\000d}{section.4}% 39
\BOOKMARK [2][-]{subsection.4.5}{\376\377\000T\000h\000e\000\040\000L\000e\000v\000e\000n\000b\000e\000r\000g\000-\000M\000a\000r\000q\000u\000a\000r\000d\000t\000\040\000M\000e\000t\000h\000o\000d\000.}{section.4}% 40
\BOOKMARK [0][-]{part.2}{\376\377\000I\000I\000\040\000M\000a\000n\000u\000a\000l\000\040\000S\000o\000l\000u\000t\000i\000o\000n}{}% 41
\BOOKMARK [1][-]{section.5}{\376\377\000D\000i\000f\000f\000e\000r\000e\000n\000t\000i\000a\000t\000i\000o\000n\000\040\000s\000o\000l\000u\000t\000i\000o\000n\000s}{part.2}% 42
\BOOKMARK [2][-]{subsection.5.1}{\376\377\000\040\000r\000e\000p\000s\000t\000o\000p\000d\000f\000A\000\040\000x\000x\000\040\000=\000\040\000A}{section.5}% 43
\BOOKMARK [2][-]{subsection.5.2}{\376\377\000\040\000r\000e\000p\000s\000t\000o\000p\000d\000f\000x\000A\000x\000\040\000=\000\040\000A}{section.5}% 44
\BOOKMARK [2][-]{subsection.5.3}{\376\377\000\040\000r\000e\000p\000s\000t\000o\000p\000d\000f\000A\000\040\000x\000v\000\040\000=\000\040\000\040\000r\000e\000p\000s\000t\000o\000p\000d\000f\000x\000v\000\040\000A}{section.5}% 45
\BOOKMARK [2][-]{subsection.5.4}{\376\377\000\040\000r\000e\000p\000s\000t\000o\000p\000d\000f\000a\000x\000x\000\040\000=\000\040\000a}{section.5}% 46
\BOOKMARK [2][-]{subsection.5.5}{\376\377\000\040\000r\000e\000p\000s\000t\000o\000p\000d\000f\000x\000a\000x\000\040\000=\000\040\000a}{section.5}% 47
\BOOKMARK [2][-]{subsection.5.6}{\376\377\000\040\000r\000e\000p\000s\000t\000o\000p\000d\000f\000a\000H\000x\000x\000\040\000=\000\040\000a\000*}{section.5}% 48
\BOOKMARK [2][-]{subsection.5.7}{\376\377\000\040\000r\000e\000p\000s\000t\000o\000p\000d\000f\000z\000H\000a\000z\000\040\000=\000\040\0000}{section.5}% 49
\BOOKMARK [2][-]{subsection.5.8}{\376\377\000\040\000r\000e\000p\000s\000t\000o\000p\000d\000f\000z\000H\000a\000z\000*\000\040\000=\000\040\000a}{section.5}% 50
\BOOKMARK [2][-]{subsection.5.9}{\376\377\000\040\000r\000e\000p\000s\000t\000o\000p\000d\000f\000x\000y\000v\000\040\000=\000\040\000\040\000r\000e\000p\000s\000t\000o\000p\000d\000f\000x\000v\000y\000\040\000+\000\040\000\040\000r\000e\000p\000s\000t\000o\000p\000d\000f\000y\000v\000x}{section.5}% 51
\BOOKMARK [2][-]{subsection.5.10}{\376\377\000\040\000r\000e\000p\000s\000t\000o\000p\000d\000f\000x\000x\000x\000\040\000=\000\040\0002\000x}{section.5}% 52
\BOOKMARK [2][-]{subsection.5.11}{\376\377\000\040\000r\000e\000p\000s\000t\000o\000p\000d\000f\000x\000x\000v\000\040\000=\000\040\0002\000\040\000r\000e\000p\000s\000t\000o\000p\000d\000f\000x\000v\000x}{section.5}% 53
\BOOKMARK [2][-]{subsection.5.12}{\376\377\000\040\000r\000e\000p\000s\000t\000o\000p\000d\000f\000x\000A\000\040\000x\000x\000\040\000=\000\040\000\050\000A\000+\000\040\000A\000\051\000\040\000x}{section.5}% 54
\BOOKMARK [2][-]{subsection.5.13}{\376\377\000\040\000r\000e\000p\000s\000t\000o\000p\000d\000f\000x\000A\000\040\000x\000v\000\040\000=\000\040\000\040\000r\000e\000p\000s\000t\000o\000p\000d\000f\000x\000v\000\050\000\040\000A\000\040\000+\000\040\000A\000\051\000\040\000x}{section.5}% 55
\BOOKMARK [2][-]{subsection.5.14}{\376\377\000\040\000r\000e\000p\000s\000t\000o\000p\000d\000f\000b\000A\000\040\000x\000x\000\040\000=\000\040\000A\000b}{section.5}% 56
\BOOKMARK [2][-]{subsection.5.15}{\376\377\000\040\000r\000e\000p\000s\000t\000o\000p\000d\000f\000x\000A\000\040\000b\000x\000\040\000=\000\040\000A\000b}{section.5}% 57
\BOOKMARK [2][-]{subsection.5.16}{\376\377\000\040\000r\000e\000p\000s\000t\000o\000p\000d\000f\000y\000A\000\040\000x\000v\000\040\000=\000\040\000\040\000r\000e\000p\000s\000t\000o\000p\000d\000f\000x\000v\000\040\000A\000\040\000y\000\040\000+\000\040\000\040\000r\000e\000p\000s\000t\000o\000p\000d\000f\000y\000v\000\040\000A\000\040\000x}{section.5}% 58
\BOOKMARK [2][-]{subsection.5.17}{\376\377\000\040\000r\000e\000p\000s\000t\000o\000p\000d\000f\000\050\000A\000\040\000X\000\051\000X\000\040\000=\000\040\000\040\000r\000e\000p\000s\000t\000o\000p\000d\000f\000\050\000X\000\040\000A\000\051\000X\000\040\000=\000\040\000A}{section.5}% 59
\BOOKMARK [2][-]{subsection.5.18}{\376\377\000\040\000r\000e\000p\000s\000t\000o\000p\000d\000f\000\050\000X\000A\000X\000\051\000X\000\040\000=\000\040\0002\000X\000A}{section.5}% 60
\BOOKMARK [2][-]{subsection.5.19}{\376\377\000\040\000r\000e\000p\000s\000t\000o\000p\000d\000f\000X\000X\000\040\000=\000\040\000a\000d\000j\000\050\000X\000\051}{section.5}% 61
\BOOKMARK [2][-]{subsection.5.20}{\376\377\000\040\000r\000e\000p\000s\000t\000o\000p\000d\000f\000A\000-\0001\000\040\000=\000\040\000-\000\040\000\050\000\040\000A\000-\0001\000\040\000\051\000\040\000\040\000r\000e\000p\000s\000t\000o\000p\000d\000f\000A\000\040\000\050\000\040\000A\000-\0001\000\040\000\051}{section.5}% 62
