INFO:  latexindent version 3.24.1, 2024-05-12, a script to indent .tex files
       latexindent lives here: /usr/local/texlive/2024/texmf-dist/scripts/latexindent/
       Wed Jul 24 07:09:50 2024
       Filename: sections/abbreviations.tex
INFO:  Processing switches:
       -s|--silent: Silent mode active (you have used either -s or --silent)
       -w|--overwrite: Overwrite mode active, will make a back up before overwriting
       -l|--localSettings: Read localSettings YAML file
INFO:  Directory for backup files and log file indent.log:
       sections
INFO:  YAML settings read: defaultSettings.yaml
       Reading defaultSettings.yaml from /usr/local/texlive/2024/texmf-dist/scripts/latexindent/defaultSettings.yaml
INFO:  YAML reading settings
       Home directory is /home/tapyu
       latexindent.pl didn't find indentconfig.yaml or .indentconfig.yaml
       see all possible locations: https://latexindentpl.readthedocs.io/en/latest/sec-appendices.html#indentconfig-options)
INFO:  YAML settings read: -l switch
       Adding /home/tapyu/git/tapyu.github.io/notes/posts/notations_ref/latex/.latexindent.yaml to YAML read paths
INFO:  YAML settings, reading from the following files:
       Reading USER settings from /home/tapyu/git/tapyu.github.io/notes/posts/notations_ref/latex/.latexindent.yaml
       ---
       lookForAlignDelims:
         xltabular: '1'
       maxNumberOfBackUps: '0'

INFO:  Backup procedure (-w flag active):
       Backing up sections/abbreviations.tex to sections/abbreviations.bak0...
       sections/abbreviations.tex will be overwritten after indentation
INFO:  Phase 1: searching for objects
INFO:  Phase 2: finding surrounding indentation
INFO:  Phase 3: indenting objects
INFO:  Phase 4: final indentation check
INFO:  Output routine:
       Overwriting file sections/abbreviations.tex
       --------------
INFO:  Please direct all communication/issues to:
        https://github.com/cmhughes/latexindent.pl
